
OpenSBI v0.4 (Jul  2 2019 11:53:53)
   ____                    _____ ____ _____
  / __ \                  / ____|  _ \_   _|
 | |  | |_ __   ___ _ __ | (___ | |_) || |
 | |  | | '_ \ / _ \ '_ \ \___ \|  _ < | |
 | |__| | |_) |  __/ | | |____) | |_) || |_
  \____/| .__/ \___|_| |_|_____/|____/_____|
        | |
        |_|

Platform Name          : QEMU Virt Machine
Platform HART Features : RV64ACDFIMSU
Platform Max HARTs     : 8
Current Hart           : 0
Firmware Base          : 0x80000000
Firmware Size          : 112 KB
Runtime SBI Version    : 0.1

PMP0: 0x0000000080000000-0x000000008001ffff (A)
PMP1: 0x0000000000000000-0xffffffffffffffff (A,R,W,X)
(THU.CST) os is loading ...

Special kernel symbols:
  entry  0xc020004a (virtual)
  etext  0xc0205d9c (virtual)
  edata  0xc02b4af8 (virtual)
  end    0xc02b8fd8 (virtual)
Kernel executable memory footprint: 740KB
DTB Init
HartID: 0
DTB Address: 0x82200000
Physical Memory from DTB:
  Base: 0x0000000080000000
  Size: 0x0000000008000000 (128 MB)
  End:  0x0000000087ffffff
DTB init completed
memory management: default_pmm_manager
physcial memory map:
  memory: 0x08000000, [0x80000000, 0x87ffffff].
vapaofset is 18446744070488326144
check_alloc_page() succeeded!
check_pgdir() succeeded!
check_boot_pgdir() succeeded!
use SLOB allocator
kmalloc_init() succeeded!
check_vma_struct() succeeded!
check_vmm() succeeded.
sched class: stride_scheduler
++ setup timer interrupts
kernel_execve: pid = 2, name = "priority".
set priority to 6
main: fork ok,now need to wait pids.
set priority to 5
set priority to 4
set priority to 3
set priority to 2
child pid 4, acc 16000, time 210
set priority to 1
child pid 3, acc 1000, time 230
child pid 5, acc 45000, time 240
child pid 6, acc 47000, time 250
main: pid 3, acc 1000, time 260
main: pid 4child pid 7, acc 43000, time 280
, acc 16000, time 270
main: pid 5, acc 45000, time 300
main: pid 6, acc 47000, time 310
main: pid 0, acc 43000, time 320
main: wait pids over
sched result: 1 16 45 47 43
all user-mode processes have quit.
init check memory pass.
kernel panic at kern/process/proc.c:560:
    initproc exit.

